This file contains any messages produced by compilers while
running configure, to aid debugging if configure makes a mistake.

It was created by fixincludes configure  , which was
generated by GNU Autoconf 2.59.  Invocation command line was

  $ /home/h2co3/xchain/llvmgcc42-2335.15/fixincludes/configure --cache-file=../config.cache --build=i686-pc-linux-gnu --host=i686-pc-linux-gnu --target=arm-apple-darwin --with-sysroot=/usr/arm-apple-darwin --prefix=/usr/arm-apple-darwin/usr --disable-bootstrap --enable-checking --enable-llvm=/home/h2co3/xchain/llvmgcc-build/../llvm-obj --enable-shared --enable-static --enable-libgomp --disable-werror --disable-multilib --program-transform-name=/^[cg][^.-]*$/s/$/-4.2/ --with-gxx-include-dir=/usr/arm-apple-darwin/usr/include/c++/4.2.1 --with-slibdir=/usr/arm-apple-darwin/usr/lib --with-ld=/usr/arm-apple-darwin/usr/bin/arm-apple-darwin-ld64 --with-as=/usr/arm-apple-darwin/usr/bin/arm-apple-darwin-as --with-ranlib=/usr/arm-apple-darwin/usr/bin/arm-apple-darwin-ranlib --with-lipo=/usr/arm-apple-darwin/usr/bin/arm-apple-darwin-lipo --with-ar=/usr/arm-apple-darwin/usr/bin/arm-apple-darwin-ar --enable-sjlj-exceptions --enable-languages=c,c++,objc,obj-c++ --program-transform-name=s,^,arm-apple-darwin-llvm-,; /^[cg][^.-]*$/s/$/-4.2/ --with-build-subdir=build-i686-pc-linux-gnu --srcdir=../../../llvmgcc42-2335.15/fixincludes

## --------- ##
## Platform. ##
## --------- ##

hostname = h2co3-laptop
uname -m = i686
uname -r = 3.2.0-29-generic-pae
uname -s = Linux
uname -v = #46-Ubuntu SMP Fri Jul 27 17:25:43 UTC 2012

/usr/bin/uname -p = unknown
/bin/uname -X     = unknown

/bin/arch              = unknown
/usr/bin/arch -k       = unknown
/usr/convex/getsysinfo = unknown
hostinfo               = unknown
/bin/machine           = unknown
/usr/bin/oslevel       = unknown
/bin/universe          = unknown

PATH: /usr/lib/lightdm/lightdm
PATH: /usr/local/sbin
PATH: /usr/local/bin
PATH: /usr/sbin
PATH: /usr/bin
PATH: /sbin
PATH: /bin
PATH: /usr/games


## ----------- ##
## Core tests. ##
## ----------- ##

configure:1221: loading cache ../config.cache
configure:1349: checking build system type
configure:1367: result: i686-pc-linux-gnu
configure:1375: checking host system type
configure:1389: result: i686-pc-linux-gnu
configure:1397: checking target system type
configure:1411: result: arm-apple-darwin
configure:1433: checking for i686-pc-linux-gnu-gcc
configure:1459: result: gcc
configure:1741: checking for C compiler version
configure:1744: gcc --version </dev/null >&5
gcc (Ubuntu/Linaro 4.6.3-1ubuntu5) 4.6.3
Copyright (C) 2011 Free Software Foundation, Inc.
This is free software; see the source for copying conditions.  There is NO
warranty; not even for MERCHANTABILITY or FITNESS FOR A PARTICULAR PURPOSE.

configure:1747: $? = 0
configure:1749: gcc -v </dev/null >&5
Using built-in specs.
COLLECT_GCC=gcc
COLLECT_LTO_WRAPPER=/usr/lib/gcc/i686-linux-gnu/4.6/lto-wrapper
Target: i686-linux-gnu
Configured with: ../src/configure -v --with-pkgversion='Ubuntu/Linaro 4.6.3-1ubuntu5' --with-bugurl=file:///usr/share/doc/gcc-4.6/README.Bugs --enable-languages=c,c++,fortran,objc,obj-c++ --prefix=/usr --program-suffix=-4.6 --enable-shared --enable-linker-build-id --with-system-zlib --libexecdir=/usr/lib --without-included-gettext --enable-threads=posix --with-gxx-include-dir=/usr/include/c++/4.6 --libdir=/usr/lib --enable-nls --with-sysroot=/ --enable-clocale=gnu --enable-libstdcxx-debug --enable-libstdcxx-time=yes --enable-gnu-unique-object --enable-plugin --enable-objc-gc --enable-targets=all --disable-werror --with-arch-32=i686 --with-tune=generic --enable-checking=release --build=i686-linux-gnu --host=i686-linux-gnu --target=i686-linux-gnu
Thread model: posix
gcc version 4.6.3 (Ubuntu/Linaro 4.6.3-1ubuntu5) 
configure:1752: $? = 0
configure:1754: gcc -V </dev/null >&5
gcc: error: unrecognized option '-V'
gcc: fatal error: no input files
compilation terminated.
configure:1757: $? = 4
configure:1780: checking for C compiler default output file name
configure:1783: gcc -g -O2   conftest.c  >&5
configure:1786: $? = 0
configure:1832: result: a.out
configure:1837: checking whether the C compiler works
configure:1843: ./a.out
configure:1846: $? = 0
configure:1863: result: yes
configure:1870: checking whether we are cross compiling
configure:1872: result: no
configure:1875: checking for suffix of executables
configure:1877: gcc -o conftest -g -O2   conftest.c  >&5
configure:1880: $? = 0
configure:1905: result: 
configure:1911: checking for suffix of object files
configure:1957: result: o
configure:1961: checking whether we are using the GNU C compiler
configure:2017: result: yes
configure:2023: checking whether gcc accepts -g
configure:2074: result: yes
configure:2091: checking for gcc option to accept ANSI C
configure:2198: result: none needed
configure:2216: gcc -c -g -O2  conftest.c >&5
conftest.c:2:3: error: unknown type name 'choke'
conftest.c:2:3: error: expected '=', ',', ';', 'asm' or '__attribute__' at end of input
configure:2222: $? = 1
configure: failed program was:
| #ifndef __cplusplus
|   choke me
| #endif
configure:2367: checking whether gcc supports -W
configure:2420: result: yes
configure:2367: checking whether gcc supports -Wall
configure:2420: result: yes
configure:2367: checking whether gcc supports -Wwrite-strings
configure:2420: result: yes
configure:2367: checking whether gcc supports -Wstrict-prototypes
configure:2420: result: yes
configure:2367: checking whether gcc supports -Wmissing-prototypes
configure:2420: result: yes
configure:2367: checking whether gcc supports -Wold-style-definition
configure:2420: result: yes
configure:2367: checking whether gcc supports -Wmissing-format-attribute
configure:2420: result: yes
configure:2367: checking whether gcc supports -Wno-overlength-strings
configure:2420: result: yes
configure:2431: checking whether gcc supports -pedantic -Wno-long-long
configure:2485: result: yes
configure:2612: checking how to run the C preprocessor
configure:2730: result: gcc -E
configure:2754: gcc -E  conftest.c
configure:2760: $? = 0
configure:2792: gcc -E  conftest.c
conftest.c:10:28: fatal error: ac_nonexistent.h: No such file or directory
compilation terminated.
configure:2798: $? = 1
configure: failed program was:
| /* confdefs.h.  */
| 
| #define PACKAGE_NAME "fixincludes"
| #define PACKAGE_TARNAME "fixincludes"
| #define PACKAGE_VERSION " "
| #define PACKAGE_STRING "fixincludes  "
| #define PACKAGE_BUGREPORT ""
| #define EXE_EXT ""
| /* end confdefs.h.  */
| #include <ac_nonexistent.h>
configure:2842: checking for egrep
configure:2852: result: grep -E
configure:2857: checking for ANSI C header files
configure:3013: result: yes
configure:3037: checking for sys/types.h
configure:3083: result: yes
configure:3037: checking for sys/stat.h
configure:3083: result: yes
configure:3037: checking for stdlib.h
configure:3083: result: yes
configure:3037: checking for string.h
configure:3083: result: yes
configure:3037: checking for memory.h
configure:3083: result: yes
configure:3037: checking for strings.h
configure:3083: result: yes
configure:3037: checking for inttypes.h
configure:3083: result: yes
configure:3037: checking for stdint.h
configure:3083: result: yes
configure:3037: checking for unistd.h
configure:3083: result: yes
configure:3107: checking for stddef.h
configure:3112: result: yes
configure:3107: checking for stdlib.h
configure:3112: result: yes
configure:3107: checking for strings.h
configure:3112: result: yes
configure:3107: checking for unistd.h
configure:3112: result: yes
configure:3107: checking for fcntl.h
configure:3112: result: yes
configure:3107: checking for sys/file.h
configure:3112: result: yes
configure:3107: checking for sys/stat.h
configure:3112: result: yes
configure:3272: checking for clearerr_unlocked
configure:3360: result: yes
configure:3272: checking for feof_unlocked
configure:3360: result: yes
configure:3272: checking for ferror_unlocked
configure:3360: result: yes
configure:3272: checking for fflush_unlocked
configure:3360: result: yes
configure:3272: checking for fgetc_unlocked
configure:3360: result: yes
configure:3272: checking for fgets_unlocked
configure:3360: result: yes
configure:3272: checking for fileno_unlocked
configure:3360: result: yes
configure:3272: checking for fprintf_unlocked
configure:3360: result: no
configure:3272: checking for fputc_unlocked
configure:3360: result: yes
configure:3272: checking for fputs_unlocked
configure:3360: result: yes
configure:3272: checking for fread_unlocked
configure:3360: result: yes
configure:3272: checking for fwrite_unlocked
configure:3360: result: yes
configure:3272: checking for getchar_unlocked
configure:3360: result: yes
configure:3272: checking for getc_unlocked
configure:3360: result: yes
configure:3272: checking for putchar_unlocked
configure:3360: result: yes
configure:3272: checking for putc_unlocked
configure:3360: result: yes
configure:3370: checking whether abort is declared
configure:3424: result: yes
configure:3440: checking whether asprintf is declared
configure:3494: result: no
configure:3510: checking whether basename is declared
configure:3564: result: no
configure:3580: checking whether errno is declared
configure:3634: result: no
configure:3650: checking whether vasprintf is declared
configure:3704: result: no
configure:3720: checking whether clearerr_unlocked is declared
configure:3774: result: yes
configure:3790: checking whether feof_unlocked is declared
configure:3844: result: yes
configure:3860: checking whether ferror_unlocked is declared
configure:3914: result: yes
configure:3930: checking whether fflush_unlocked is declared
configure:3984: result: yes
configure:4000: checking whether fgetc_unlocked is declared
configure:4054: result: yes
configure:4070: checking whether fgets_unlocked is declared
configure:4124: result: no
configure:4140: checking whether fileno_unlocked is declared
configure:4194: result: yes
configure:4210: checking whether fprintf_unlocked is declared
configure:4264: result: no
configure:4280: checking whether fputc_unlocked is declared
configure:4334: result: yes
configure:4350: checking whether fputs_unlocked is declared
configure:4404: result: no
configure:4420: checking whether fread_unlocked is declared
configure:4474: result: yes
configure:4490: checking whether fwrite_unlocked is declared
configure:4544: result: yes
configure:4560: checking whether getchar_unlocked is declared
configure:4614: result: yes
configure:4630: checking whether getc_unlocked is declared
configure:4684: result: yes
configure:4700: checking whether putchar_unlocked is declared
configure:4754: result: yes
configure:4770: checking whether putc_unlocked is declared
configure:4824: result: yes
configure:4844: checking for an ANSI C-conforming const
configure:4941: result: yes
configure:4955: checking for sys/mman.h
configure:4960: result: yes
configure:5098: checking for mmap
configure:5186: result: yes
configure:5200: checking whether read-only mmap of a plain file works
configure:5217: result: yes
configure:5219: checking whether mmap from /dev/zero works
configure:5241: result: yes
configure:5245: checking for MAP_ANON(YMOUS)
configure:5303: result: yes
configure:5309: checking whether mmap with MAP_ANON(YMOUS) works
configure:5326: result: yes
configure:5354: checking whether to enable maintainer-specific portions of Makefiles
configure:5363: result: no
configure:5471: creating ./config.status

## ---------------------- ##
## Running config.status. ##
## ---------------------- ##

This file was extended by fixincludes config.status  , which was
generated by GNU Autoconf 2.59.  Invocation command line was

  CONFIG_FILES    = 
  CONFIG_HEADERS  = 
  CONFIG_LINKS    = 
  CONFIG_COMMANDS = 
  $ ./config.status 

on h2co3-laptop

config.status:6179: creating Makefile
config.status:6179: creating mkheaders.almost
config.status:6281: creating config.h
config.status:6423: config.h is unchanged

## ---------------- ##
## Cache variables. ##
## ---------------- ##

ac_cv_build='i686-pc-linux-gnu'
ac_cv_build_alias='i686-pc-linux-gnu'
ac_cv_c_bigendian='no'
ac_cv_c_compiler_gnu='yes'
ac_cv_c_const='yes'
ac_cv_c_inline='inline'
ac_cv_c_stack_direction='-1'
ac_cv_env_CC_set='set'
ac_cv_env_CC_value='gcc'
ac_cv_env_CFLAGS_set='set'
ac_cv_env_CFLAGS_value='-g -O2'
ac_cv_env_CPPFLAGS_set=''
ac_cv_env_CPPFLAGS_value=''
ac_cv_env_CPP_set=''
ac_cv_env_CPP_value=''
ac_cv_env_LDFLAGS_set='set'
ac_cv_env_LDFLAGS_value=''
ac_cv_env_build_alias_set='set'
ac_cv_env_build_alias_value='i686-pc-linux-gnu'
ac_cv_env_host_alias_set='set'
ac_cv_env_host_alias_value='i686-pc-linux-gnu'
ac_cv_env_target_alias_set='set'
ac_cv_env_target_alias_value='arm-apple-darwin'
ac_cv_exeext=''
ac_cv_func___fsetlocking='yes'
ac_cv_func__doprnt='no'
ac_cv_func_asprintf='yes'
ac_cv_func_atexit='yes'
ac_cv_func_basename='yes'
ac_cv_func_bcmp='yes'
ac_cv_func_bcopy='yes'
ac_cv_func_bsearch='yes'
ac_cv_func_bzero='yes'
ac_cv_func_calloc='yes'
ac_cv_func_canonicalize_file_name='yes'
ac_cv_func_clearerr_unlocked='yes'
ac_cv_func_clock='yes'
ac_cv_func_feof_unlocked='yes'
ac_cv_func_ferror_unlocked='yes'
ac_cv_func_fflush_unlocked='yes'
ac_cv_func_ffs='yes'
ac_cv_func_fgetc_unlocked='yes'
ac_cv_func_fgets_unlocked='yes'
ac_cv_func_fileno_unlocked='yes'
ac_cv_func_fork='yes'
ac_cv_func_fork_works='yes'
ac_cv_func_fprintf_unlocked='no'
ac_cv_func_fputc_unlocked='yes'
ac_cv_func_fputs_unlocked='yes'
ac_cv_func_fread_unlocked='yes'
ac_cv_func_fwrite_unlocked='yes'
ac_cv_func_getc_unlocked='yes'
ac_cv_func_getchar_unlocked='yes'
ac_cv_func_getcwd='yes'
ac_cv_func_getpagesize='yes'
ac_cv_func_getrusage='yes'
ac_cv_func_getsysinfo='no'
ac_cv_func_gettimeofday='yes'
ac_cv_func_index='yes'
ac_cv_func_insque='yes'
ac_cv_func_memchr='yes'
ac_cv_func_memcmp='yes'
ac_cv_func_memcpy='yes'
ac_cv_func_memmove='yes'
ac_cv_func_mempcpy='yes'
ac_cv_func_memset='yes'
ac_cv_func_mkstemps='yes'
ac_cv_func_mmap='yes'
ac_cv_func_mmap_fixed_mapped='yes'
ac_cv_func_on_exit='yes'
ac_cv_func_psignal='yes'
ac_cv_func_pstat_getdynamic='no'
ac_cv_func_pstat_getstatic='no'
ac_cv_func_putc_unlocked='yes'
ac_cv_func_putchar_unlocked='yes'
ac_cv_func_putenv='yes'
ac_cv_func_random='yes'
ac_cv_func_realpath='yes'
ac_cv_func_rename='yes'
ac_cv_func_rindex='yes'
ac_cv_func_sbrk='yes'
ac_cv_func_setenv='yes'
ac_cv_func_sigsetmask='yes'
ac_cv_func_snprintf='yes'
ac_cv_func_stpcpy='yes'
ac_cv_func_stpncpy='yes'
ac_cv_func_strcasecmp='yes'
ac_cv_func_strchr='yes'
ac_cv_func_strdup='yes'
ac_cv_func_strerror='yes'
ac_cv_func_strncasecmp='yes'
ac_cv_func_strncmp_works='yes'
ac_cv_func_strndup='yes'
ac_cv_func_strrchr='yes'
ac_cv_func_strsignal='yes'
ac_cv_func_strstr='yes'
ac_cv_func_strtod='yes'
ac_cv_func_strtol='yes'
ac_cv_func_strtoul='yes'
ac_cv_func_strverscmp='yes'
ac_cv_func_sysconf='yes'
ac_cv_func_sysctl='yes'
ac_cv_func_sysmp='no'
ac_cv_func_table='no'
ac_cv_func_times='yes'
ac_cv_func_tmpnam='yes'
ac_cv_func_vasprintf='yes'
ac_cv_func_vfork='yes'
ac_cv_func_vfork_works='yes'
ac_cv_func_vfprintf='yes'
ac_cv_func_vprintf='yes'
ac_cv_func_vsnprintf='yes'
ac_cv_func_vsprintf='yes'
ac_cv_func_wait3='yes'
ac_cv_func_wait4='yes'
ac_cv_func_waitpid='yes'
ac_cv_have_decl_abort='yes'
ac_cv_have_decl_asprintf='no'
ac_cv_have_decl_basename='no'
ac_cv_have_decl_calloc='yes'
ac_cv_have_decl_clearerr_unlocked='yes'
ac_cv_have_decl_errno='no'
ac_cv_have_decl_feof_unlocked='yes'
ac_cv_have_decl_ferror_unlocked='yes'
ac_cv_have_decl_fflush_unlocked='yes'
ac_cv_have_decl_ffs='yes'
ac_cv_have_decl_fgetc_unlocked='yes'
ac_cv_have_decl_fgets_unlocked='no'
ac_cv_have_decl_fileno_unlocked='yes'
ac_cv_have_decl_fprintf_unlocked='no'
ac_cv_have_decl_fputc_unlocked='yes'
ac_cv_have_decl_fputs_unlocked='no'
ac_cv_have_decl_fread_unlocked='yes'
ac_cv_have_decl_fwrite_unlocked='yes'
ac_cv_have_decl_getc_unlocked='yes'
ac_cv_have_decl_getchar_unlocked='yes'
ac_cv_have_decl_getenv='yes'
ac_cv_have_decl_getopt='yes'
ac_cv_have_decl_malloc='yes'
ac_cv_have_decl_putc_unlocked='yes'
ac_cv_have_decl_putchar_unlocked='yes'
ac_cv_have_decl_realloc='yes'
ac_cv_have_decl_sbrk='yes'
ac_cv_have_decl_snprintf='yes'
ac_cv_have_decl_strverscmp='no'
ac_cv_have_decl_vasprintf='no'
ac_cv_have_decl_vsnprintf='yes'
ac_cv_header_alloca_h='yes'
ac_cv_header_fcntl_h='yes'
ac_cv_header_inttypes_h='yes'
ac_cv_header_limits_h='yes'
ac_cv_header_machine_hal_sysinfo_h='no'
ac_cv_header_malloc_h='yes'
ac_cv_header_memory_h='yes'
ac_cv_header_stdc='yes'
ac_cv_header_stddef_h='yes'
ac_cv_header_stdint_h='yes'
ac_cv_header_stdio_ext_h='yes'
ac_cv_header_stdlib_h='yes'
ac_cv_header_string_h='yes'
ac_cv_header_strings_h='yes'
ac_cv_header_sys_file_h='yes'
ac_cv_header_sys_mman_h='yes'
ac_cv_header_sys_param_h='yes'
ac_cv_header_sys_pstat_h='no'
ac_cv_header_sys_resource_h='yes'
ac_cv_header_sys_stat_h='yes'
ac_cv_header_sys_sysctl_h='yes'
ac_cv_header_sys_sysinfo_h='yes'
ac_cv_header_sys_sysmp_h='no'
ac_cv_header_sys_systemcfg_h='no'
ac_cv_header_sys_table_h='no'
ac_cv_header_sys_time_h='yes'
ac_cv_header_sys_types_h='yes'
ac_cv_header_sys_wait_h='yes'
ac_cv_header_time='yes'
ac_cv_header_time_h='yes'
ac_cv_header_unistd_h='yes'
ac_cv_header_vfork_h='no'
ac_cv_host='i686-pc-linux-gnu'
ac_cv_host_alias='i686-pc-linux-gnu'
ac_cv_objext='o'
ac_cv_os_cray='no'
ac_cv_prog_CC='gcc'
ac_cv_prog_CPP='gcc -E'
ac_cv_prog_MAKEINFO='/home/h2co3/xchain/llvmgcc42-2335.15/missing makeinfo --split-size=5000000'
ac_cv_prog_PERL='perl'
ac_cv_prog_ac_ct_AR='ar'
ac_cv_prog_ac_ct_RANLIB='ranlib'
ac_cv_prog_cc_g='yes'
ac_cv_prog_cc_gcc_c_o='yes'
ac_cv_prog_cc_stdc=''
ac_cv_prog_cc_w_cxx_compat='yes'
ac_cv_prog_egrep='grep -E'
ac_cv_search_strerror='none required'
ac_cv_sizeof_int='4'
ac_cv_target='arm-apple-darwin'
ac_cv_target_alias='arm-apple-darwin'
ac_cv_type_int='yes'
ac_cv_type_pid_t='yes'
ac_cv_type_uintptr_t='yes'
acx_cv_prog_cc_pedantic__Wno_long_long='yes'
acx_cv_prog_cc_warning__W='yes'
acx_cv_prog_cc_warning__Wall='yes'
acx_cv_prog_cc_warning__Wmissing_format_attribute='yes'
acx_cv_prog_cc_warning__Wmissing_prototypes='yes'
acx_cv_prog_cc_warning__Wno_overlength_strings='yes'
acx_cv_prog_cc_warning__Wold_style_definition='yes'
acx_cv_prog_cc_warning__Wstrict_prototypes='yes'
acx_cv_prog_cc_warning__Wwrite_strings='yes'
gcc_cv_decl_map_anon='yes'
gcc_cv_func_mmap_anon='yes'
gcc_cv_func_mmap_dev_zero='yes'
gcc_cv_func_mmap_file='yes'
liberty_cv_uint64='uint64_t'
libiberty_cv_decl_needed_canonicalize_file_name='yes'
libiberty_cv_declare_errno='no'
libiberty_cv_var_sys_errlist='yes'
libiberty_cv_var_sys_nerr='yes'
libiberty_cv_var_sys_siglist='yes'

## ----------------- ##
## Output variables. ##
## ----------------- ##

CC='gcc'
CFLAGS='-g -O2'
CPP='gcc -E'
CPPFLAGS=''
DEFS='-DHAVE_CONFIG_H'
ECHO_C='ECHO_N=''
ECHO_T=''
EGREP='grep -E'
EXEEXT=''
LDFLAGS=''
LIBOBJS=''
LIBS=''
LTLIBOBJS=''
MAINT='#'
OBJEXT='o'
PACKAGE_BUGREPORT=''
PACKAGE_NAME='fixincludes'
PACKAGE_STRING='fixincludes  '
PACKAGE_TARNAME='fixincludes'
PACKAGE_VERSION=' '
PATH_SEPARATOR=':'
SHELL='/bin/sh'
TARGET='oneprocess'
WARN_CFLAGS='-W -Wall -Wwrite-strings -Wstrict-prototypes -Wmissing-prototypes -Wold-style-definition -Wmissing-format-attribute -Wno-overlength-strings'
WARN_PEDANTIC='-pedantic -Wno-long-long'
WERROR=''
ac_ct_CC=''
bindir='${exec_prefix}/bin'
build='i686-pc-linux-gnu'
build_alias='i686-pc-linux-gnu'
build_cpu='i686'
build_os='linux-gnu'
build_vendor='pc'
datadir='${prefix}/share'
exec_prefix='${prefix}'
host='i686-pc-linux-gnu'
host_alias='i686-pc-linux-gnu'
host_cpu='i686'
host_os='linux-gnu'
host_vendor='pc'
includedir='${prefix}/include'
infodir='${prefix}/info'
libdir='${exec_prefix}/lib'
libexecdir='${exec_prefix}/libexec'
localstatedir='${prefix}/var'
mandir='${prefix}/man'
oldincludedir='/usr/include'
prefix='/usr/arm-apple-darwin/usr'
program_transform_name='s,^,arm-apple-darwin-llvm-,; /^[cg][^.-]*$/s/$/-4.2/'
sbindir='${exec_prefix}/sbin'
sharedstatedir='${prefix}/com'
sysconfdir='${prefix}/etc'
target='arm-apple-darwin'
target_alias='arm-apple-darwin'
target_cpu='arm'
target_noncanonical='arm-apple-darwin'
target_os='darwin'
target_vendor='apple'

## ----------- ##
## confdefs.h. ##
## ----------- ##

#define EXE_EXT ""
#define HAVE_CLEARERR_UNLOCKED 1
#define HAVE_DECL_ABORT 1
#define HAVE_DECL_ASPRINTF 0
#define HAVE_DECL_BASENAME 0
#define HAVE_DECL_CLEARERR_UNLOCKED 1
#define HAVE_DECL_ERRNO 0
#define HAVE_DECL_FEOF_UNLOCKED 1
#define HAVE_DECL_FERROR_UNLOCKED 1
#define HAVE_DECL_FFLUSH_UNLOCKED 1
#define HAVE_DECL_FGETC_UNLOCKED 1
#define HAVE_DECL_FGETS_UNLOCKED 0
#define HAVE_DECL_FILENO_UNLOCKED 1
#define HAVE_DECL_FPRINTF_UNLOCKED 0
#define HAVE_DECL_FPUTC_UNLOCKED 1
#define HAVE_DECL_FPUTS_UNLOCKED 0
#define HAVE_DECL_FREAD_UNLOCKED 1
#define HAVE_DECL_FWRITE_UNLOCKED 1
#define HAVE_DECL_GETCHAR_UNLOCKED 1
#define HAVE_DECL_GETC_UNLOCKED 1
#define HAVE_DECL_PUTCHAR_UNLOCKED 1
#define HAVE_DECL_PUTC_UNLOCKED 1
#define HAVE_DECL_VASPRINTF 0
#define HAVE_FCNTL_H 1
#define HAVE_FEOF_UNLOCKED 1
#define HAVE_FERROR_UNLOCKED 1
#define HAVE_FFLUSH_UNLOCKED 1
#define HAVE_FGETC_UNLOCKED 1
#define HAVE_FGETS_UNLOCKED 1
#define HAVE_FILENO_UNLOCKED 1
#define HAVE_FPUTC_UNLOCKED 1
#define HAVE_FPUTS_UNLOCKED 1
#define HAVE_FREAD_UNLOCKED 1
#define HAVE_FWRITE_UNLOCKED 1
#define HAVE_GETCHAR_UNLOCKED 1
#define HAVE_GETC_UNLOCKED 1
#define HAVE_INTTYPES_H 1
#define HAVE_MEMORY_H 1
#define HAVE_MMAP_ANON 1
#define HAVE_MMAP_DEV_ZERO 1
#define HAVE_MMAP_FILE 1
#define HAVE_PUTCHAR_UNLOCKED 1
#define HAVE_PUTC_UNLOCKED 1
#define HAVE_STDDEF_H 1
#define HAVE_STDINT_H 1
#define HAVE_STDLIB_H 1
#define HAVE_STDLIB_H 1
#define HAVE_STRINGS_H 1
#define HAVE_STRINGS_H 1
#define HAVE_STRING_H 1
#define HAVE_SYS_FILE_H 1
#define HAVE_SYS_STAT_H 1
#define HAVE_SYS_STAT_H 1
#define HAVE_SYS_TYPES_H 1
#define HAVE_UNISTD_H 1
#define HAVE_UNISTD_H 1
#define PACKAGE_BUGREPORT ""
#define PACKAGE_NAME "fixincludes"
#define PACKAGE_STRING "fixincludes  "
#define PACKAGE_TARNAME "fixincludes"
#define PACKAGE_VERSION " "
#define STDC_HEADERS 1

configure: exit 0
