This file contains any messages produced by compilers while
running configure, to aid debugging if configure makes a mistake.

It was created by cpplib configure  , which was
generated by GNU Autoconf 2.59.  Invocation command line was

  $ /home/h2co3/xchain/llvmgcc42-2335.15/libcpp/configure --cache-file=./config.cache --build=i686-pc-linux-gnu --host=i686-pc-linux-gnu --target=arm-apple-darwin --with-sysroot=/usr/arm-apple-darwin --prefix=/usr/arm-apple-darwin/usr --disable-bootstrap --enable-checking --enable-llvm=/home/h2co3/xchain/llvmgcc-build/../llvm-obj --enable-shared --enable-static --enable-libgomp --disable-werror --disable-multilib --program-transform-name=/^[cg][^.-]*$/s/$/-4.2/ --with-gxx-include-dir=/usr/arm-apple-darwin/usr/include/c++/4.2.1 --with-slibdir=/usr/arm-apple-darwin/usr/lib --with-ld=/usr/arm-apple-darwin/usr/bin/arm-apple-darwin-ld64 --with-as=/usr/arm-apple-darwin/usr/bin/arm-apple-darwin-as --with-ranlib=/usr/arm-apple-darwin/usr/bin/arm-apple-darwin-ranlib --with-lipo=/usr/arm-apple-darwin/usr/bin/arm-apple-darwin-lipo --with-ar=/usr/arm-apple-darwin/usr/bin/arm-apple-darwin-ar --enable-sjlj-exceptions --enable-languages=c,c++,objc,obj-c++ --program-transform-name=s,^,arm-apple-darwin-llvm-,; /^[cg][^.-]*$/s/$/-4.2/ --srcdir=../../llvmgcc42-2335.15/libcpp

## --------- ##
## Platform. ##
## --------- ##

hostname = h2co3-laptop
uname -m = i686
uname -r = 3.2.0-29-generic-pae
uname -s = Linux
uname -v = #46-Ubuntu SMP Fri Jul 27 17:25:43 UTC 2012

/usr/bin/uname -p = unknown
/bin/uname -X     = unknown

/bin/arch              = unknown
/usr/bin/arch -k       = unknown
/usr/convex/getsysinfo = unknown
hostinfo               = unknown
/bin/machine           = unknown
/usr/bin/oslevel       = unknown
/bin/universe          = unknown

PATH: /usr/lib/lightdm/lightdm
PATH: /usr/local/sbin
PATH: /usr/local/bin
PATH: /usr/sbin
PATH: /usr/bin
PATH: /sbin
PATH: /bin
PATH: /usr/games


## ----------- ##
## Core tests. ##
## ----------- ##

configure:1227: loading cache ./config.cache
configure:1366: checking build system type
configure:1384: result: i686-pc-linux-gnu
configure:1392: checking host system type
configure:1406: result: i686-pc-linux-gnu
configure:1414: checking target system type
configure:1428: result: arm-apple-darwin
configure:1444: checking whether make sets $(MAKE)
configure:1464: result: yes
configure:1486: checking for a BSD-compatible install
configure:1541: result: /usr/bin/install -c
configure:1560: checking for i686-pc-linux-gnu-gcc
configure:1586: result: gcc
configure:1868: checking for C compiler version
configure:1871: gcc --version </dev/null >&5
gcc (Ubuntu/Linaro 4.6.3-1ubuntu5) 4.6.3
Copyright (C) 2011 Free Software Foundation, Inc.
This is free software; see the source for copying conditions.  There is NO
warranty; not even for MERCHANTABILITY or FITNESS FOR A PARTICULAR PURPOSE.

configure:1874: $? = 0
configure:1876: gcc -v </dev/null >&5
Using built-in specs.
COLLECT_GCC=gcc
COLLECT_LTO_WRAPPER=/usr/lib/gcc/i686-linux-gnu/4.6/lto-wrapper
Target: i686-linux-gnu
Configured with: ../src/configure -v --with-pkgversion='Ubuntu/Linaro 4.6.3-1ubuntu5' --with-bugurl=file:///usr/share/doc/gcc-4.6/README.Bugs --enable-languages=c,c++,fortran,objc,obj-c++ --prefix=/usr --program-suffix=-4.6 --enable-shared --enable-linker-build-id --with-system-zlib --libexecdir=/usr/lib --without-included-gettext --enable-threads=posix --with-gxx-include-dir=/usr/include/c++/4.6 --libdir=/usr/lib --enable-nls --with-sysroot=/ --enable-clocale=gnu --enable-libstdcxx-debug --enable-libstdcxx-time=yes --enable-gnu-unique-object --enable-plugin --enable-objc-gc --enable-targets=all --disable-werror --with-arch-32=i686 --with-tune=generic --enable-checking=release --build=i686-linux-gnu --host=i686-linux-gnu --target=i686-linux-gnu
Thread model: posix
gcc version 4.6.3 (Ubuntu/Linaro 4.6.3-1ubuntu5) 
configure:1879: $? = 0
configure:1881: gcc -V </dev/null >&5
gcc: error: unrecognized option '-V'
gcc: fatal error: no input files
compilation terminated.
configure:1884: $? = 4
configure:1907: checking for C compiler default output file name
configure:1910: gcc -g -O2   conftest.c  >&5
configure:1913: $? = 0
configure:1959: result: a.out
configure:1964: checking whether the C compiler works
configure:1970: ./a.out
configure:1973: $? = 0
configure:1990: result: yes
configure:1997: checking whether we are cross compiling
configure:1999: result: no
configure:2002: checking for suffix of executables
configure:2004: gcc -o conftest -g -O2   conftest.c  >&5
configure:2007: $? = 0
configure:2032: result: 
configure:2038: checking for suffix of object files
configure:2084: result: o
configure:2088: checking whether we are using the GNU C compiler
configure:2144: result: yes
configure:2150: checking whether gcc accepts -g
configure:2201: result: yes
configure:2218: checking for gcc option to accept ANSI C
configure:2325: result: none needed
configure:2343: gcc -c -g -O2  conftest.c >&5
conftest.c:2:3: error: unknown type name 'choke'
conftest.c:2:3: error: expected '=', ',', ';', 'asm' or '__attribute__' at end of input
configure:2349: $? = 1
configure: failed program was:
| #ifndef __cplusplus
|   choke me
| #endif
configure:2485: checking for i686-pc-linux-gnu-ranlib
configure:2511: result: ranlib
configure:2568: checking for aclocal
configure:2594: result: aclocal
configure:2609: checking for autoconf
configure:2635: result: autoconf
configure:2650: checking for autoheader
configure:2676: result: autoheader
configure:2699: checking whether gcc supports -W
configure:2752: result: yes
configure:2699: checking whether gcc supports -Wall
configure:2752: result: yes
configure:2699: checking whether gcc supports -Wwrite-strings
configure:2752: result: yes
configure:2699: checking whether gcc supports -Wstrict-prototypes
configure:2752: result: yes
configure:2699: checking whether gcc supports -Wmissing-prototypes
configure:2752: result: yes
configure:2699: checking whether gcc supports -Wold-style-definition
configure:2752: result: yes
configure:2699: checking whether gcc supports -Wmissing-format-attribute
configure:2752: result: yes
configure:2763: checking whether gcc supports -pedantic -Wno-long-long
configure:2817: result: yes
configure:2862: checking dependency style of gcc
configure:2947: result: gcc3
configure:2959: checking whether time.h and sys/time.h may both be included
configure:3014: result: yes
configure:3024: checking whether string.h and strings.h may both be included
configure:3076: result: yes
configure:3091: checking how to run the C preprocessor
configure:3209: result: gcc -E
configure:3233: gcc -E  conftest.c
configure:3239: $? = 0
configure:3271: gcc -E  conftest.c
conftest.c:11:28: fatal error: ac_nonexistent.h: No such file or directory
compilation terminated.
configure:3277: $? = 1
configure: failed program was:
| /* confdefs.h.  */
| 
| #define PACKAGE_NAME "cpplib"
| #define PACKAGE_TARNAME "cpplib"
| #define PACKAGE_VERSION " "
| #define PACKAGE_STRING "cpplib  "
| #define PACKAGE_BUGREPORT "gcc-bugs@gcc.gnu.org"
| #define TIME_WITH_SYS_TIME 1
| #define STRING_WITH_STRINGS 1
| /* end confdefs.h.  */
| #include <ac_nonexistent.h>
configure:3321: checking for egrep
configure:3331: result: grep -E
configure:3336: checking for ANSI C header files
configure:3492: result: yes
configure:3516: checking for sys/types.h
configure:3562: result: yes
configure:3516: checking for sys/stat.h
configure:3562: result: yes
configure:3516: checking for stdlib.h
configure:3562: result: yes
configure:3516: checking for string.h
configure:3562: result: yes
configure:3516: checking for memory.h
configure:3562: result: yes
configure:3516: checking for strings.h
configure:3562: result: yes
configure:3516: checking for inttypes.h
configure:3562: result: yes
configure:3516: checking for stdint.h
configure:3562: result: yes
configure:3516: checking for unistd.h
configure:3562: result: yes
configure:3589: checking for iconv.h
configure:3594: result: yes
configure:3589: checking for locale.h
configure:3594: result: yes
configure:3589: checking for fcntl.h
configure:3594: result: yes
configure:3589: checking for limits.h
configure:3594: result: yes
configure:3589: checking for stddef.h
configure:3594: result: yes
configure:3589: checking for stdlib.h
configure:3594: result: yes
configure:3589: checking for strings.h
configure:3594: result: yes
configure:3589: checking for string.h
configure:3594: result: yes
configure:3589: checking for sys/file.h
configure:3594: result: yes
configure:3589: checking for unistd.h
configure:3594: result: yes
configure:3736: checking for an ANSI C-conforming const
configure:3833: result: yes
configure:3843: checking for inline
configure:3895: result: inline
configure:3914: checking for obstacks
configure:3966: result: yes
configure:3985: checking for off_t
configure:4039: result: yes
configure:4051: checking for size_t
configure:4105: result: yes
configure:4117: checking whether struct tm is in sys/time.h or time.h
configure:4170: result: time.h
configure:4180: checking for int
configure:4234: result: yes
configure:4237: checking size of int
configure:4587: result: 4
configure:4594: checking for long
configure:4648: result: yes
configure:4651: checking size of long
configure:5001: result: 4
configure:5028: checking for clearerr_unlocked
configure:5116: result: yes
configure:5028: checking for feof_unlocked
configure:5116: result: yes
configure:5028: checking for ferror_unlocked
configure:5116: result: yes
configure:5028: checking for fflush_unlocked
configure:5116: result: yes
configure:5028: checking for fgetc_unlocked
configure:5116: result: yes
configure:5028: checking for fgets_unlocked
configure:5116: result: yes
configure:5028: checking for fileno_unlocked
configure:5116: result: yes
configure:5028: checking for fprintf_unlocked
configure:5116: result: no
configure:5028: checking for fputc_unlocked
configure:5116: result: yes
configure:5028: checking for fputs_unlocked
configure:5116: result: yes
configure:5028: checking for fread_unlocked
configure:5116: result: yes
configure:5028: checking for fwrite_unlocked
configure:5116: result: yes
configure:5028: checking for getchar_unlocked
configure:5116: result: yes
configure:5028: checking for getc_unlocked
configure:5116: result: yes
configure:5028: checking for putchar_unlocked
configure:5116: result: yes
configure:5028: checking for putc_unlocked
configure:5116: result: yes
configure:5126: checking whether abort is declared
configure:5180: result: yes
configure:5196: checking whether asprintf is declared
configure:5250: result: no
configure:5266: checking whether basename is declared
configure:5320: result: no
configure:5336: checking whether errno is declared
configure:5390: result: no
configure:5406: checking whether getopt is declared
configure:5460: result: yes
configure:5476: checking whether clearerr_unlocked is declared
configure:5530: result: yes
configure:5546: checking whether feof_unlocked is declared
configure:5600: result: yes
configure:5616: checking whether ferror_unlocked is declared
configure:5670: result: yes
configure:5686: checking whether fflush_unlocked is declared
configure:5740: result: yes
configure:5756: checking whether fgetc_unlocked is declared
configure:5810: result: yes
configure:5826: checking whether fgets_unlocked is declared
configure:5880: result: no
configure:5896: checking whether fileno_unlocked is declared
configure:5950: result: yes
configure:5966: checking whether fprintf_unlocked is declared
configure:6020: result: no
configure:6036: checking whether fputc_unlocked is declared
configure:6090: result: yes
configure:6106: checking whether fputs_unlocked is declared
configure:6160: result: no
configure:6176: checking whether fread_unlocked is declared
configure:6230: result: yes
configure:6246: checking whether fwrite_unlocked is declared
configure:6300: result: yes
configure:6316: checking whether getchar_unlocked is declared
configure:6370: result: yes
configure:6386: checking whether getc_unlocked is declared
configure:6440: result: yes
configure:6456: checking whether putchar_unlocked is declared
configure:6510: result: yes
configure:6526: checking whether putc_unlocked is declared
configure:6580: result: yes
configure:6596: checking whether vasprintf is declared
configure:6650: result: no
configure:6672: checking for working alloca.h
configure:6724: result: yes
configure:6734: checking for alloca
configure:6806: result: yes
configure:7029: checking for ANSI C header files
configure:7185: result: yes
configure:7196: checking for nl_langinfo and CODESET
configure:7249: result: yes
configure:7272: checking whether NLS is requested
configure:7278: result: yes
configure:7286: checking for catalogs to be installed
configure:7318: result:  be ca da de el es fr ja nl rw sv tr vi zh_CN zh_TW
configure:7332: checking for uchar
configure:7356: gcc -c -g -O2  conftest.c >&5
conftest.c: In function 'main':
conftest.c:82:6: error: 'uchar' undeclared (first use in this function)
conftest.c:82:6: note: each undeclared identifier is reported only once for each function it appears in
conftest.c:82:13: error: expected expression before ')' token
configure:7362: $? = 1
configure: failed program was:
| /* confdefs.h.  */
| 
| #define PACKAGE_NAME "cpplib"
| #define PACKAGE_TARNAME "cpplib"
| #define PACKAGE_VERSION " "
| #define PACKAGE_STRING "cpplib  "
| #define PACKAGE_BUGREPORT "gcc-bugs@gcc.gnu.org"
| #define TIME_WITH_SYS_TIME 1
| #define STRING_WITH_STRINGS 1
| #define STDC_HEADERS 1
| #define HAVE_SYS_TYPES_H 1
| #define HAVE_SYS_STAT_H 1
| #define HAVE_STDLIB_H 1
| #define HAVE_STRING_H 1
| #define HAVE_MEMORY_H 1
| #define HAVE_STRINGS_H 1
| #define HAVE_INTTYPES_H 1
| #define HAVE_STDINT_H 1
| #define HAVE_UNISTD_H 1
| #define HAVE_ICONV_H 1
| #define HAVE_LOCALE_H 1
| #define HAVE_FCNTL_H 1
| #define HAVE_LIMITS_H 1
| #define HAVE_STDDEF_H 1
| #define HAVE_STDLIB_H 1
| #define HAVE_STRINGS_H 1
| #define HAVE_STRING_H 1
| #define HAVE_SYS_FILE_H 1
| #define HAVE_UNISTD_H 1
| #define HAVE_OBSTACK 1
| #define SIZEOF_INT 4
| #define SIZEOF_LONG 4
| #define HAVE_CLEARERR_UNLOCKED 1
| #define HAVE_FEOF_UNLOCKED 1
| #define HAVE_FERROR_UNLOCKED 1
| #define HAVE_FFLUSH_UNLOCKED 1
| #define HAVE_FGETC_UNLOCKED 1
| #define HAVE_FGETS_UNLOCKED 1
| #define HAVE_FILENO_UNLOCKED 1
| #define HAVE_FPUTC_UNLOCKED 1
| #define HAVE_FPUTS_UNLOCKED 1
| #define HAVE_FREAD_UNLOCKED 1
| #define HAVE_FWRITE_UNLOCKED 1
| #define HAVE_GETCHAR_UNLOCKED 1
| #define HAVE_GETC_UNLOCKED 1
| #define HAVE_PUTCHAR_UNLOCKED 1
| #define HAVE_PUTC_UNLOCKED 1
| #define HAVE_DECL_ABORT 1
| #define HAVE_DECL_ASPRINTF 0
| #define HAVE_DECL_BASENAME 0
| #define HAVE_DECL_ERRNO 0
| #define HAVE_DECL_GETOPT 1
| #define HAVE_DECL_CLEARERR_UNLOCKED 1
| #define HAVE_DECL_FEOF_UNLOCKED 1
| #define HAVE_DECL_FERROR_UNLOCKED 1
| #define HAVE_DECL_FFLUSH_UNLOCKED 1
| #define HAVE_DECL_FGETC_UNLOCKED 1
| #define HAVE_DECL_FGETS_UNLOCKED 0
| #define HAVE_DECL_FILENO_UNLOCKED 1
| #define HAVE_DECL_FPRINTF_UNLOCKED 0
| #define HAVE_DECL_FPUTC_UNLOCKED 1
| #define HAVE_DECL_FPUTS_UNLOCKED 0
| #define HAVE_DECL_FREAD_UNLOCKED 1
| #define HAVE_DECL_FWRITE_UNLOCKED 1
| #define HAVE_DECL_GETCHAR_UNLOCKED 1
| #define HAVE_DECL_GETC_UNLOCKED 1
| #define HAVE_DECL_PUTCHAR_UNLOCKED 1
| #define HAVE_DECL_PUTC_UNLOCKED 1
| #define HAVE_DECL_VASPRINTF 0
| #define HAVE_ALLOCA_H 1
| #define HAVE_ALLOCA 1
| #define STDC_HEADERS 1
| #define HAVE_LANGINFO_CODESET 1
| #define ENABLE_NLS 1
| /* end confdefs.h.  */
| 
| #include <sys/types.h>
| 
| int
| main ()
| {
| if ((uchar *)0) return 0;
|  if (sizeof(uchar)) return 0;
|   ;
|   return 0;
| }
configure:7386: result: 
configure:7436: checking for ld used by GCC
configure:7499: result: ld
configure:7508: checking if the linker (ld) is GNU ld
configure:7520: result: yes
configure:7526: checking for shared library run path origin
configure:7539: result: done
configure:7969: checking for iconv
configure:8081: result: yes
configure:8104: checking for iconv declaration
configure:8171: result: 
         extern size_t iconv (iconv_t cd, char * *inbuf, size_t *inbytesleft, char * *outbuf, size_t *outbytesleft);
configure:8429: creating ./config.status

## ---------------------- ##
## Running config.status. ##
## ---------------------- ##

This file was extended by cpplib config.status  , which was
generated by GNU Autoconf 2.59.  Invocation command line was

  CONFIG_FILES    = 
  CONFIG_HEADERS  = 
  CONFIG_LINKS    = 
  CONFIG_COMMANDS = 
  $ ./config.status 

on h2co3-laptop

config.status:9181: creating Makefile
config.status:9284: creating config.h
config.status:9426: config.h is unchanged
config.status:9590: executing depdir commands

## ---------------- ##
## Cache variables. ##
## ---------------- ##

ac_cv_build='i686-pc-linux-gnu'
ac_cv_build_alias='i686-pc-linux-gnu'
ac_cv_c_compiler_gnu='yes'
ac_cv_c_const='yes'
ac_cv_c_inline='inline'
ac_cv_env_CC_set='set'
ac_cv_env_CC_value='gcc'
ac_cv_env_CFLAGS_set='set'
ac_cv_env_CFLAGS_value='-g -O2'
ac_cv_env_CPPFLAGS_set=''
ac_cv_env_CPPFLAGS_value=''
ac_cv_env_CPP_set=''
ac_cv_env_CPP_value=''
ac_cv_env_LDFLAGS_set='set'
ac_cv_env_LDFLAGS_value=''
ac_cv_env_build_alias_set='set'
ac_cv_env_build_alias_value='i686-pc-linux-gnu'
ac_cv_env_host_alias_set='set'
ac_cv_env_host_alias_value='i686-pc-linux-gnu'
ac_cv_env_target_alias_set='set'
ac_cv_env_target_alias_value='arm-apple-darwin'
ac_cv_exeext=''
ac_cv_func_alloca_works='yes'
ac_cv_func_clearerr_unlocked='yes'
ac_cv_func_feof_unlocked='yes'
ac_cv_func_ferror_unlocked='yes'
ac_cv_func_fflush_unlocked='yes'
ac_cv_func_fgetc_unlocked='yes'
ac_cv_func_fgets_unlocked='yes'
ac_cv_func_fileno_unlocked='yes'
ac_cv_func_fprintf_unlocked='no'
ac_cv_func_fputc_unlocked='yes'
ac_cv_func_fputs_unlocked='yes'
ac_cv_func_fread_unlocked='yes'
ac_cv_func_fwrite_unlocked='yes'
ac_cv_func_getc_unlocked='yes'
ac_cv_func_getchar_unlocked='yes'
ac_cv_func_obstack='yes'
ac_cv_func_putc_unlocked='yes'
ac_cv_func_putchar_unlocked='yes'
ac_cv_have_decl_abort='yes'
ac_cv_have_decl_asprintf='no'
ac_cv_have_decl_basename='no'
ac_cv_have_decl_clearerr_unlocked='yes'
ac_cv_have_decl_errno='no'
ac_cv_have_decl_feof_unlocked='yes'
ac_cv_have_decl_ferror_unlocked='yes'
ac_cv_have_decl_fflush_unlocked='yes'
ac_cv_have_decl_fgetc_unlocked='yes'
ac_cv_have_decl_fgets_unlocked='no'
ac_cv_have_decl_fileno_unlocked='yes'
ac_cv_have_decl_fprintf_unlocked='no'
ac_cv_have_decl_fputc_unlocked='yes'
ac_cv_have_decl_fputs_unlocked='no'
ac_cv_have_decl_fread_unlocked='yes'
ac_cv_have_decl_fwrite_unlocked='yes'
ac_cv_have_decl_getc_unlocked='yes'
ac_cv_have_decl_getchar_unlocked='yes'
ac_cv_have_decl_getopt='yes'
ac_cv_have_decl_putc_unlocked='yes'
ac_cv_have_decl_putchar_unlocked='yes'
ac_cv_have_decl_vasprintf='no'
ac_cv_header_fcntl_h='yes'
ac_cv_header_iconv_h='yes'
ac_cv_header_inttypes_h='yes'
ac_cv_header_limits_h='yes'
ac_cv_header_locale_h='yes'
ac_cv_header_memory_h='yes'
ac_cv_header_stdc='yes'
ac_cv_header_stddef_h='yes'
ac_cv_header_stdint_h='yes'
ac_cv_header_stdlib_h='yes'
ac_cv_header_string_h='yes'
ac_cv_header_strings_h='yes'
ac_cv_header_sys_file_h='yes'
ac_cv_header_sys_stat_h='yes'
ac_cv_header_sys_types_h='yes'
ac_cv_header_time='yes'
ac_cv_header_unistd_h='yes'
ac_cv_host='i686-pc-linux-gnu'
ac_cv_host_alias='i686-pc-linux-gnu'
ac_cv_objext='o'
ac_cv_prog_ACLOCAL='aclocal'
ac_cv_prog_AUTOCONF='autoconf'
ac_cv_prog_AUTOHEADER='autoheader'
ac_cv_prog_CC='gcc'
ac_cv_prog_CPP='gcc -E'
ac_cv_prog_RANLIB='ranlib'
ac_cv_prog_cc_g='yes'
ac_cv_prog_cc_stdc=''
ac_cv_prog_egrep='grep -E'
ac_cv_prog_make_make_set='yes'
ac_cv_sizeof_int='4'
ac_cv_sizeof_long='4'
ac_cv_struct_tm='time.h'
ac_cv_target='arm-apple-darwin'
ac_cv_target_alias='arm-apple-darwin'
ac_cv_type_int='yes'
ac_cv_type_long='yes'
ac_cv_type_off_t='yes'
ac_cv_type_size_t='yes'
ac_cv_type_uchar='no'
ac_cv_working_alloca_h='yes'
acl_cv_hardcode_direct='no'
acl_cv_hardcode_libdir_flag_spec='${wl}-rpath ${wl}$libdir'
acl_cv_hardcode_libdir_separator=''
acl_cv_hardcode_minus_L='no'
acl_cv_libext='a'
acl_cv_path_LD='ld'
acl_cv_prog_gnu_ld='yes'
acl_cv_rpath='done'
acl_cv_shlibext='so'
acl_cv_wl='-Wl,'
acx_cv_prog_cc_pedantic__Wno_long_long='yes'
acx_cv_prog_cc_warning__W='yes'
acx_cv_prog_cc_warning__Wall='yes'
acx_cv_prog_cc_warning__Wmissing_format_attribute='yes'
acx_cv_prog_cc_warning__Wmissing_prototypes='yes'
acx_cv_prog_cc_warning__Wold_style_definition='yes'
acx_cv_prog_cc_warning__Wstrict_prototypes='yes'
acx_cv_prog_cc_warning__Wwrite_strings='yes'
am_cv_CC_dependencies_compiler_type='gcc3'
am_cv_func_iconv='yes'
am_cv_langinfo_codeset='yes'
am_cv_lib_iconv='no'
am_cv_proto_iconv='extern size_t iconv (iconv_t cd, char * *inbuf, size_t *inbytesleft, char * *outbuf, size_t *outbytesleft);'
am_cv_proto_iconv_arg1=''
gcc_cv_header_string='yes'

## ----------------- ##
## Output variables. ##
## ----------------- ##

ACLOCAL='aclocal'
ALLOCA=''
AUTOCONF='autoconf'
AUTOHEADER='autoheader'
CATALOGS=' be.gmo ca.gmo da.gmo de.gmo el.gmo es.gmo fr.gmo ja.gmo nl.gmo rw.gmo sv.gmo tr.gmo vi.gmo zh_CN.gmo zh_TW.gmo'
CATOBJEXT='.gmo'
CC='gcc'
CCDEPMODE='depmode=gcc3'
CFLAGS='-g -O2'
CPP='gcc -E'
CPPFLAGS=''
DATADIRNAME='share'
DEFS='-DHAVE_CONFIG_H'
DEPDIR='.deps'
ECHO_C='ECHO_N=''
ECHO_T=''
EGREP='grep -E'
EXEEXT=''
GENCAT='gencat'
GMSGFMT='/usr/bin/msgfmt'
INCINTL=''
INSTALL_DATA='/usr/bin/install -c -m 644'
INSTALL_PROGRAM='/usr/bin/install -c'
INSTALL_SCRIPT='/usr/bin/install -c'
INSTOBJEXT='.mo'
LDFLAGS=''
LIBICONV=''
LIBINTL=''
LIBINTL_DEP=''
LIBOBJS=''
LIBS=''
LLVMBASEPATH='/home/h2co3/xchain/llvmgcc-build/../llvm-obj'
LTLIBICONV=''
LTLIBOBJS=''
MAINT='#'
OBJEXT='o'
PACKAGE='cpplib'
PACKAGE_BUGREPORT='gcc-bugs@gcc.gnu.org'
PACKAGE_NAME='cpplib'
PACKAGE_STRING='cpplib  '
PACKAGE_TARNAME='cpplib'
PACKAGE_VERSION=' '
PATH_SEPARATOR=':'
POSUB='po'
RANLIB='ranlib'
SET_MAKE=''
SHELL='/bin/sh'
USED_CATALOGS='$(CATALOGS)'
USE_NLS='yes'
WARN_CFLAGS='-W -Wall -Wwrite-strings -Wstrict-prototypes -Wmissing-prototypes -Wold-style-definition -Wmissing-format-attribute'
WARN_PEDANTIC='-pedantic -Wno-long-long'
WERROR=''
XGETTEXT='/usr/bin/xgettext'
ac_ct_CC=''
ac_ct_RANLIB=''
am__leading_dot='.'
bindir='${exec_prefix}/bin'
build='i686-pc-linux-gnu'
build_alias='i686-pc-linux-gnu'
build_cpu='i686'
build_os='linux-gnu'
build_vendor='pc'
datadir='${prefix}/share'
exec_prefix='${prefix}'
host='i686-pc-linux-gnu'
host_alias='i686-pc-linux-gnu'
host_cpu='i686'
host_os='linux-gnu'
host_vendor='pc'
includedir='${prefix}/include'
infodir='${prefix}/info'
libdir='${exec_prefix}/lib'
libexecdir='${exec_prefix}/libexec'
localstatedir='${prefix}/var'
mandir='${prefix}/man'
oldincludedir='/usr/include'
prefix='/usr/arm-apple-darwin/usr'
program_transform_name='s,^,arm-apple-darwin-llvm-,; /^[cg][^.-]*$/s/$/-4.2/'
sbindir='${exec_prefix}/sbin'
sharedstatedir='${prefix}/com'
sysconfdir='${prefix}/etc'
target='arm-apple-darwin'
target_alias='arm-apple-darwin'
target_cpu='arm'
target_os='darwin'
target_vendor='apple'

## ----------- ##
## confdefs.h. ##
## ----------- ##

#define ENABLE_CHECKING 1
#define ENABLE_NLS 1
#define HAVE_ALLOCA 1
#define HAVE_ALLOCA_H 1
#define HAVE_CLEARERR_UNLOCKED 1
#define HAVE_DECL_ABORT 1
#define HAVE_DECL_ASPRINTF 0
#define HAVE_DECL_BASENAME 0
#define HAVE_DECL_CLEARERR_UNLOCKED 1
#define HAVE_DECL_ERRNO 0
#define HAVE_DECL_FEOF_UNLOCKED 1
#define HAVE_DECL_FERROR_UNLOCKED 1
#define HAVE_DECL_FFLUSH_UNLOCKED 1
#define HAVE_DECL_FGETC_UNLOCKED 1
#define HAVE_DECL_FGETS_UNLOCKED 0
#define HAVE_DECL_FILENO_UNLOCKED 1
#define HAVE_DECL_FPRINTF_UNLOCKED 0
#define HAVE_DECL_FPUTC_UNLOCKED 1
#define HAVE_DECL_FPUTS_UNLOCKED 0
#define HAVE_DECL_FREAD_UNLOCKED 1
#define HAVE_DECL_FWRITE_UNLOCKED 1
#define HAVE_DECL_GETCHAR_UNLOCKED 1
#define HAVE_DECL_GETC_UNLOCKED 1
#define HAVE_DECL_GETOPT 1
#define HAVE_DECL_PUTCHAR_UNLOCKED 1
#define HAVE_DECL_PUTC_UNLOCKED 1
#define HAVE_DECL_VASPRINTF 0
#define HAVE_FCNTL_H 1
#define HAVE_FEOF_UNLOCKED 1
#define HAVE_FERROR_UNLOCKED 1
#define HAVE_FFLUSH_UNLOCKED 1
#define HAVE_FGETC_UNLOCKED 1
#define HAVE_FGETS_UNLOCKED 1
#define HAVE_FILENO_UNLOCKED 1
#define HAVE_FPUTC_UNLOCKED 1
#define HAVE_FPUTS_UNLOCKED 1
#define HAVE_FREAD_UNLOCKED 1
#define HAVE_FWRITE_UNLOCKED 1
#define HAVE_GETCHAR_UNLOCKED 1
#define HAVE_GETC_UNLOCKED 1
#define HAVE_ICONV 1
#define HAVE_ICONV_H 1
#define HAVE_INTTYPES_H 1
#define HAVE_LANGINFO_CODESET 1
#define HAVE_LIMITS_H 1
#define HAVE_LOCALE_H 1
#define HAVE_MEMORY_H 1
#define HAVE_OBSTACK 1
#define HAVE_PUTCHAR_UNLOCKED 1
#define HAVE_PUTC_UNLOCKED 1
#define HAVE_STDDEF_H 1
#define HAVE_STDINT_H 1
#define HAVE_STDLIB_H 1
#define HAVE_STDLIB_H 1
#define HAVE_STRINGS_H 1
#define HAVE_STRINGS_H 1
#define HAVE_STRING_H 1
#define HAVE_STRING_H 1
#define HAVE_SYS_FILE_H 1
#define HAVE_SYS_STAT_H 1
#define HAVE_SYS_TYPES_H 1
#define HAVE_UNISTD_H 1
#define HAVE_UNISTD_H 1
#define HOST_WIDE_INT long
#define ICONV_CONST 
#define PACKAGE "cpplib"
#define PACKAGE_BUGREPORT "gcc-bugs@gcc.gnu.org"
#define PACKAGE_NAME "cpplib"
#define PACKAGE_STRING "cpplib  "
#define PACKAGE_TARNAME "cpplib"
#define PACKAGE_VERSION " "
#define SIZEOF_INT 4
#define SIZEOF_LONG 4
#define STDC_HEADERS 1
#define STDC_HEADERS 1
#define STRING_WITH_STRINGS 1
#define TIME_WITH_SYS_TIME 1

configure: exit 0
