This file contains any messages produced by compilers while
running configure, to aid debugging if configure makes a mistake.

It was created by [SAMPLE] configure [x.xx], which was
generated by GNU Autoconf 2.59.  Invocation command line was

  $ ../../../llvmgcc42-2335.15/llvmCore/projects/sample/configure --prefix=/usr/arm-apple-darwin/usr --enable-optimized --disable-assertions --target=arm-apple-darwin target_alias=arm-apple-darwin CFLAGS=-m32 LDFLAGS=-m32 CXXFLAGS=-m32 --cache-file=/dev/null --srcdir=../../../llvmgcc42-2335.15/llvmCore/projects/sample

## --------- ##
## Platform. ##
## --------- ##

hostname = h2co3-laptop
uname -m = i686
uname -r = 3.2.0-29-generic-pae
uname -s = Linux
uname -v = #46-Ubuntu SMP Fri Jul 27 17:25:43 UTC 2012

/usr/bin/uname -p = unknown
/bin/uname -X     = unknown

/bin/arch              = unknown
/usr/bin/arch -k       = unknown
/usr/convex/getsysinfo = unknown
hostinfo               = unknown
/bin/machine           = unknown
/usr/bin/oslevel       = unknown
/bin/universe          = unknown

PATH: /usr/lib/lightdm/lightdm
PATH: /usr/local/sbin
PATH: /usr/local/bin
PATH: /usr/sbin
PATH: /usr/bin
PATH: /sbin
PATH: /bin
PATH: /usr/games


## ----------- ##
## Core tests. ##
## ----------- ##

configure:1446: creating ./config.status

## ---------------------- ##
## Running config.status. ##
## ---------------------- ##

This file was extended by [SAMPLE] config.status [x.xx], which was
generated by GNU Autoconf 2.59.  Invocation command line was

  CONFIG_FILES    = 
  CONFIG_HEADERS  = 
  CONFIG_LINKS    = 
  CONFIG_COMMANDS = 
  $ ./config.status 

on h2co3-laptop

config.status:643: creating Makefile.common
config.status:818: executing setup commands
config.status:818: executing Makefile commands
config.status:818: executing lib/Makefile commands
config.status:818: executing lib/sample/Makefile commands
config.status:818: executing tools/Makefile commands
config.status:818: executing tools/sample/Makefile commands

## ---------------- ##
## Cache variables. ##
## ---------------- ##

ac_cv_env_build_alias_set=
ac_cv_env_build_alias_value=
ac_cv_env_host_alias_set=
ac_cv_env_host_alias_value=
ac_cv_env_target_alias_set=set
ac_cv_env_target_alias_value=arm-apple-darwin

## ----------------- ##
## Output variables. ##
## ----------------- ##

DEFS='-DPACKAGE_NAME=\"\[SAMPLE\]\" -DPACKAGE_TARNAME=\"--sample--\" -DPACKAGE_VERSION=\"\[x.xx\]\" -DPACKAGE_STRING=\"\[SAMPLE\]\ \[x.xx\]\" -DPACKAGE_BUGREPORT=\"bugs@yourdomain\" '
ECHO_C=''
ECHO_N='-n'
ECHO_T=''
LIBOBJS=''
LIBS=''
LLVM_OBJ='/home/h2co3/xchain/llvm-obj'
LLVM_SRC='/home/h2co3/xchain/llvmgcc42-2335.15/llvmCore'
LTLIBOBJS=''
PACKAGE_BUGREPORT='bugs@yourdomain'
PACKAGE_NAME='[SAMPLE]'
PACKAGE_STRING='[SAMPLE] [x.xx]'
PACKAGE_TARNAME='--sample--'
PACKAGE_VERSION='[x.xx]'
PATH_SEPARATOR=':'
SHELL='/bin/bash'
bindir='${exec_prefix}/bin'
build_alias=''
datadir='${prefix}/share'
exec_prefix='${prefix}'
host_alias=''
includedir='${prefix}/include'
infodir='${prefix}/info'
libdir='${exec_prefix}/lib'
libexecdir='${exec_prefix}/libexec'
localstatedir='${prefix}/var'
mandir='${prefix}/man'
oldincludedir='/usr/include'
prefix='/usr/arm-apple-darwin/usr'
program_transform_name='s,x,x,'
sbindir='${exec_prefix}/sbin'
sharedstatedir='${prefix}/com'
sysconfdir='${prefix}/etc'
target_alias='arm-apple-darwin'

## ----------- ##
## confdefs.h. ##
## ----------- ##

#define PACKAGE_BUGREPORT "bugs@yourdomain"
#define PACKAGE_NAME "[SAMPLE]"
#define PACKAGE_STRING "[SAMPLE] [x.xx]"
#define PACKAGE_TARNAME "--sample--"
#define PACKAGE_VERSION "[x.xx]"

configure: exit 0
